[debug] [2019-04-23T08:36:45.495Z] ----------------------------------------------------------------------
[debug] [2019-04-23T08:36:45.498Z] Command:       C:\Program Files\nodejs\node.exe C:\Users\Ali Monapour\AppData\Local\Yarn\Data\global\node_modules\firebase-tools\lib\bin\firebase.js deploy
[debug] [2019-04-23T08:36:45.498Z] CLI Version:   6.7.0
[debug] [2019-04-23T08:36:45.498Z] Platform:      win32
[debug] [2019-04-23T08:36:45.498Z] Node Version:  v10.11.0
[debug] [2019-04-23T08:36:45.499Z] Time:          Tue Apr 23 2019 13:06:45 GMT+0430 (Iran Daylight Time)
[debug] [2019-04-23T08:36:45.499Z] ----------------------------------------------------------------------
[debug] 
[debug] [2019-04-23T08:36:45.509Z] > command requires scopes: ["email","openid","https://www.googleapis.com/auth/cloudplatformprojects.readonly","https://www.googleapis.com/auth/firebase","https://www.googleapis.com/auth/cloud-platform"]
[debug] [2019-04-23T08:36:45.509Z] > authorizing via signed-in user
[debug] [2019-04-23T08:36:45.510Z] [iam] checking project my-place-app-a030b for permissions ["cloudfunctions.functions.create","cloudfunctions.functions.delete","cloudfunctions.functions.get","cloudfunctions.functions.list","cloudfunctions.functions.update","cloudfunctions.operations.get","firebase.projects.get"]
[debug] [2019-04-23T08:36:45.512Z] >>> HTTP REQUEST POST https://cloudresourcemanager.googleapis.com/v1/projects/my-place-app-a030b:testIamPermissions  

[debug] [2019-04-23T08:36:47.183Z] <<< HTTP RESPONSE 200
[info] 
[info] === Deploying to 'my-place-app-a030b'...
[info] 
[info] i  deploying functions
[info] Running command: npm --prefix "$RESOURCE_DIR" run lint
[info] +  functions: Finished running predeploy script.
[debug] [2019-04-23T08:36:57.201Z] > [functions] package.json contents: {
  "name": "functions",
  "description": "Cloud Functions for Firebase",
  "scripts": {
    "lint": "eslint .",
    "serve": "firebase serve --only functions",
    "shell": "firebase functions:shell",
    "start": "npm run shell",
    "deploy": "firebase deploy --only functions",
    "logs": "firebase functions:log"
  },
  "dependencies": {
    "@google-cloud/storage": "^2.5.0",
    "firebase-admin": "~7.0.0",
    "firebase-functions": "^2.2.0",
    "uuid-v4": "^0.1.0"
  },
  "devDependencies": {
    "eslint": "^5.12.0",
    "eslint-plugin-promise": "^4.0.1"
  },
  "private": true
}
[info] i  functions: ensuring necessary APIs are enabled...
[debug] [2019-04-23T08:36:57.202Z] >>> HTTP REQUEST GET https://servicemanagement.googleapis.com/v1/services/cloudfunctions.googleapis.com/projectSettings/my-place-app-a030b?view=CONSUMER_VIEW  
 
[debug] [2019-04-23T08:36:57.203Z] >>> HTTP REQUEST GET https://servicemanagement.googleapis.com/v1/services/runtimeconfig.googleapis.com/projectSettings/my-place-app-a030b?view=CONSUMER_VIEW  
 
[debug] [2019-04-23T08:37:03.946Z] Error: getaddrinfo EAI_AGAIN servicemanagement.googleapis.com servicemanagement.googleapis.com:443
    at GetAddrInfoReqWrap.onlookup [as oncomplete] (dns.js:57:26)
[error] 
[error] Error: Server Error. getaddrinfo EAI_AGAIN servicemanagement.googleapis.com servicemanagement.googleapis.com:443
[debug] [2019-04-23T08:40:06.754Z] ----------------------------------------------------------------------
[debug] [2019-04-23T08:40:06.757Z] Command:       C:\Program Files\nodejs\node.exe C:\Users\Ali Monapour\AppData\Local\Yarn\Data\global\node_modules\firebase-tools\lib\bin\firebase.js deploy
[debug] [2019-04-23T08:40:06.757Z] CLI Version:   6.7.0
[debug] [2019-04-23T08:40:06.757Z] Platform:      win32
[debug] [2019-04-23T08:40:06.757Z] Node Version:  v10.11.0
[debug] [2019-04-23T08:40:06.758Z] Time:          Tue Apr 23 2019 13:10:06 GMT+0430 (Iran Daylight Time)
[debug] [2019-04-23T08:40:06.758Z] ----------------------------------------------------------------------
[debug] 
[debug] [2019-04-23T08:40:06.767Z] > command requires scopes: ["email","openid","https://www.googleapis.com/auth/cloudplatformprojects.readonly","https://www.googleapis.com/auth/firebase","https://www.googleapis.com/auth/cloud-platform"]
[debug] [2019-04-23T08:40:06.767Z] > authorizing via signed-in user
[debug] [2019-04-23T08:40:06.767Z] [iam] checking project my-place-app-a030b for permissions ["cloudfunctions.functions.create","cloudfunctions.functions.delete","cloudfunctions.functions.get","cloudfunctions.functions.list","cloudfunctions.functions.update","cloudfunctions.operations.get","firebase.projects.get"]
[debug] [2019-04-23T08:40:06.769Z] >>> HTTP REQUEST POST https://cloudresourcemanager.googleapis.com/v1/projects/my-place-app-a030b:testIamPermissions  

[debug] [2019-04-23T08:40:11.036Z] Error: getaddrinfo EAI_AGAIN cloudresourcemanager.googleapis.com cloudresourcemanager.googleapis.com:443
    at GetAddrInfoReqWrap.onlookup [as oncomplete] (dns.js:57:26)
[error] 
[error] Error: Server Error. getaddrinfo EAI_AGAIN cloudresourcemanager.googleapis.com cloudresourcemanager.googleapis.com:443
